INFO:web.app.netadmin.algo_mas::Reporte_internet: calculated ID2019-1-1 00:00:00,ED2019-1-31 23:59:59
INFO:web.app.netadmin.algo_mas::Reporte_internet: final ID2019-1-1 00:00:00 00:00:00,ED2019-1-31 23:59:59 23:59:59
INFO:web.app.netadmin.algo_mas::Reporte_internet: calculated ID2019-1-1 00:00:00,ED2019-1-31 23:59:59
INFO:web.app.netadmin.algo_mas::Reporte_internet: final ID2019-01-15 00:00:00,ED2019-01-15 23:59:59
INFO:web.app.netadmin.algo_mas::Reporte_internet: calculated ID2019-1-1 00:00:00,ED2019-1-31 23:59:59
INFO:web.app.netadmin.algo_mas::Reporte_internet: final ID2019-01-01 00:00:00,ED2019-01-16 23:59:59
INFO:web.app.netadmin.algo_mas::Reporte_internet: calculated ID2019-1-1 00:00:00,ED2019-1-31 23:59:59
INFO:web.app.netadmin.algo_mas::Reporte_internet: final ID2019-01-01 00:00:00,ED2019-01-16 23:59:59
INFO:web.app.netadmin.algo_mas::Reporte_internet: calculated ID2019-1-1 00:00:00,ED2019-1-31 23:59:59
INFO:web.app.netadmin.algo_mas::Reporte_internet: final ID2019-01-05 00:00:00,ED2019-01-16 23:59:59
DEBUG:web.netadmin.app::Reporte_internet: calculated ID2019-1-1 00:00:00,ED2019-1-31 23:59:59
DEBUG:web.netadmin.app::Reporte_internet: final ID2019-01-08 00:00:00,ED2019-01-16 23:59:59
DEBUG:web.netadmin.app::Reporte_internet: calculated ID 2019-1-1 00:00:00,ED 2019-1-31 23:59:59
DEBUG:web.netadmin.app::Reporte_internet: final ID 2019-01-08 00:00:00, ED 2019-01-16 23:59:59
DEBUG:web.netadmin.app::Reporte_internet: calculated ID 2019-1-1 00:00:00,ED 2019-1-31 23:59:59
DEBUG:web.netadmin.app::Reporte_internet: final ID 2019-01-08 00:00:00, ED 2019-01-16 23:59:59
DEBUG:web.netadmin.app::Reporte_internet: calculated ID 2019-1-1 00:00:00,ED 2019-1-31 23:59:59
DEBUG:web.netadmin.app::Reporte_internet: final ID 2019-01-08 00:00:00, ED 2019-01-16 23:59:59
DEBUG:web.netadmin.app::Reporte_internet: calculated ID 2019-1-1 00:00:00,ED 2019-1-31 23:59:59
DEBUG:web.netadmin.app::Reporte_internet: final ID 2019-01-08 00:00:00, ED 2019-01-16 23:59:59
DEBUG:web.netadmin.app::Reporte_internet: calculated ID 2019-1-1 00:00:00,ED 2019-1-31 23:59:59
DEBUG:web.netadmin.app::Reporte_internet: final ID 2019-01-08 00:00:00, ED 2019-01-16 23:59:59
INFO:web.netadmin.app:reporte_inventario: 8 dispositivos
INFO:web.netadmin.app:reporte_inventario: 8 dispositivos
INFO:web.netadmin.app:reporte_inventario: 8 dispositivos
INFO:web.netadmin.app:reporte_inventario: 8 dispositivos
INFO:web.netadmin.app:reporte_inventario: 8 dispositivos
INFO:web.netadmin.app:reporte_inventario: 8 dispositivos
INFO:web.netadmin.app:reporte_inventario: 8 dispositivos
INFO:web.netadmin.app:reporte_inventario: 8 dispositivos
INFO:web.netadmin.app:reporte_inventario: 8 dispositivos
INFO:web.netadmin.app:reporte_inventario: 8 dispositivos
INFO:web.netadmin.app:reporte_inventario: 8 dispositivos
INFO:web.netadmin.app:reporte_inventario: 8 dispositivos
INFO:web.netadmin.app:reporte_inventario: 8 dispositivos
INFO:web.netadmin.app:reporte_inventario: 8 dispositivos
INFO:web.netadmin.app:reporte_inventario: 8 dispositivos
INFO:web.netadmin.app:reporte_inventario: 8 dispositivos
INFO:web.netadmin.app:reporte_inventario: 8 dispositivos
INFO:web.netadmin.app:reporte_inventario: 8 dispositivos
INFO:web.netadmin.app:reporte_inventario: 8 dispositivos
INFO:web.netadmin.app:reporte_inventario: 8 dispositivos
INFO:web.netadmin.app:reporte_inventario: 8 dispositivos
INFO:web.netadmin.app:reporte_inventario: 8 dispositivos
INFO:web.netadmin.app:reporte_inventario: 8 dispositivos
INFO:web.netadmin.app:reporte_inventario: 8 dispositivos
INFO:web.netadmin.app:reporte_inventario: 8 dispositivos
INFO:web.netadmin.app:reporte_inventario: 8 dispositivos
INFO:web.netadmin.app:reporte_inventario: 8 dispositivos
INFO:web.netadmin.app:reporte_inventario: 8 dispositivos
INFO:web.netadmin.app:reporte_inventario: 8 dispositivos
INFO:web.netadmin.app:reporte_inventario: 8 dispositivos
INFO:web.netadmin.app:reporte_inventario: 8 dispositivos
INFO:web.netadmin.app:reporte_inventario: 8 dispositivos
INFO:web.netadmin.app:reporte_inventario: 8 dispositivos
INFO:web.netadmin.app:reporte_inventario: 8 dispositivos
INFO:web.netadmin.app:reporte_inventario: 8 dispositivos
INFO:web.netadmin.app:reporte_inventario: 8 dispositivos
INFO:web.netadmin.app:reporte_inventario: 8 dispositivos
INFO:web.netadmin.app:reporte_inventario: 8 dispositivos
INFO:web.netadmin.app:reporte_inventario: 8 dispositivos
INFO:web.netadmin.app:reporte_inventario: 8 dispositivos
INFO:web.netadmin.app:reporte_inventario: 8 dispositivos
INFO:web.netadmin.app:reporte_inventario: 8 dispositivos
2019-01-23 14:54:28,039:WARNING:web.netadmin.app:KeyError(b'db')
2019-01-23 14:55:06,096:WARNING:web.netadmin.app:KeyError(b'db')
2019-01-23 15:16:51,738:WARNING:web.netadmin.app:KeyError(b'db')
2019-01-23 17:54:54,251:WARNING:web.netadmin.app:KeyError(b'db')
2019-01-23 17:55:13,273:WARNING:web.netadmin.app:KeyError(b'db')
2019-01-23 17:55:17,171:WARNING:web.netadmin.app:KeyError(b'db')
2019-01-23 17:57:20,525:WARNING:web.netadmin.app:KeyError(b'db')
2019-01-23 17:57:25,171:WARNING:web.netadmin.app:KeyError(b'db')
2019-01-23 17:57:45,443:WARNING:web.netadmin.app:KeyError(b'db')
2019-01-23 17:58:05,610:WARNING:web.netadmin.app:KeyError(b'db')
2019-01-23 18:00:58,439:WARNING:web.netadmin.app:KeyError(b'db')
2019-02-18 11:43:19,836:WARNING:web.netadmin.app:TypeError("ospf_topology_vs() got an unexpected keyword argument 'date_string'")
2019-02-18 11:44:02,016:WARNING:web.netadmin.app:TypeError("ospf_topology_vs() got an unexpected keyword argument 'date_string'")
2019-02-18 11:44:14,354:WARNING:web.netadmin.app:TypeError("ospf_topology_vs() got an unexpected keyword argument 'date_string'")
2019-02-18 15:07:39,208:WARNING:web.netadmin.app:TypeError("ospf_topology_vs() got an unexpected keyword argument 'date_string'")
2019-02-18 15:16:31,130:WARNING:web.netadmin.app:TypeError("ospf_topology_vs() got an unexpected keyword argument 'date_string'")
2019-02-18 15:16:34,266:WARNING:web.netadmin.app:TypeError("ospf_topology_vs() got an unexpected keyword argument 'date_string'")
2019-02-18 15:16:47,583:WARNING:web.netadmin.app:TypeError("ospf_topology_vs() got an unexpected keyword argument 'date_string'")
2019-02-18 15:16:54,802:WARNING:web.netadmin.app:TypeError("ospf_topology_vs() got an unexpected keyword argument 'date_string'")
2019-02-18 15:17:01,736:WARNING:web.netadmin.app:TypeError("ospf_topology_vs() got an unexpected keyword argument 'date_string'")
2019-02-18 15:17:49,008:WARNING:web.netadmin.app:TypeError("ospf_topology_vs() got an unexpected keyword argument 'date_string'")
2019-02-18 15:21:09,110:WARNING:web.netadmin.app:TypeError("ospf_topology_vs() got an unexpected keyword argument 'date_string'")
2019-02-18 15:22:37,958:WARNING:web.netadmin.app:TypeError("ospf_topology_vs() got an unexpected keyword argument 'date_string'")
2019-02-18 15:22:44,258:WARNING:web.netadmin.app:TypeError("ospf_topology_vs() got an unexpected keyword argument 'date_string'")
2019-02-18 15:26:52,479:WARNING:web.netadmin.app:KeyError(b'db')
2019-02-18 15:29:49,138:WARNING:web.netadmin.app:UnboundLocalError("local variable 'dict_ospf' referenced before assignment")
2019-02-18 15:30:12,352:WARNING:web.netadmin.app:UnboundLocalError("local variable 'dict_ospf' referenced before assignment")
2019-04-25 09:56:05,973:WARNING:web.netadmin.app:InterfaceUfinet.FILTERS_GROUP[grupo_interfaces] {'l3p': 'MPLS', 'l3a': 'OSP'}
2019-04-25 09:56:31,720:WARNING:web.netadmin.app:InterfaceUfinet.FILTERS_GROUP[grupo_interfaces] {'l3p': 'MPLS', 'l3a': 'OSP'}
2019-04-25 09:56:48,918:WARNING:web.netadmin.app:InterfaceUfinet.FILTERS_GROUP[grupo_interfaces] {'l3p': 'MPLS', 'l3a': 'OSP'}
2019-04-25 09:58:25,134:WARNING:web.netadmin.app:InterfaceUfinet.FILTERS_GROUP[grupo_interfaces] {'OSPF_MPLS': {'l3p': 'MPLS', 'l3a': 'OSP'}}
2019-04-25 09:59:31,870:WARNING:web.netadmin.app:InterfaceUfinet.FILTERS_GROUP[grupo_interfaces] {'OSPF_MPLS': {'l3p': 'MPLS', 'l3a': 'OSP'}}
2019-04-25 10:02:20,982:WARNING:web.netadmin.app:InterfaceUfinet.FILTERS_GROUP[grupo_interfaces] {'OSPF_MPLS': {'l3p': 'MPLS', 'l3a': 'OSP'}}
2019-04-25 10:02:38,230:WARNING:web.netadmin.app:InterfaceUfinet.FILTERS_GROUP[grupo_interfaces] {'OSPF_MPLS': {'l3p': 'MPLS', 'l3a': 'OSP'}}
2019-04-25 10:07:28,638:WARNING:web.netadmin.app:InterfaceUfinet.FILTERS_GROUP[grupo_interfaces] {'OSPF_MPLS': {'l3p': 'MPLS', 'l3a': 'OSP'}}
2019-04-25 10:09:46,559:WARNING:web.netadmin.app:InterfaceUfinet.FILTERS_GROUP[grupo_interfaces] {'OSPF_MPLS': {'l3p': 'MPLS', 'l3a': 'OSP'}}
2019-04-25 10:10:46,350:WARNING:web.netadmin.app:InterfaceUfinet.FILTERS_GROUP[grupo_interfaces] {'OSPF_MPLS': {'l3p': 'MPLS', 'l3a': 'OSP'}}
2019-04-25 10:11:52,863:WARNING:web.netadmin.app:InterfaceUfinet.FILTERS_GROUP[grupo_interfaces] {'OSPF_MPLS': {'l3p': 'MPLS', 'l3a': 'OSP'}}
2019-05-14 14:45:56,334:WARNING:web.netadmin.app:{'INTERFACE_INDEX': 'Te0/1/1/2', 'IP_ADDRESS': '172.16.20.125', 'AREA_ID': '0'}
2019-05-14 14:45:56,339:WARNING:web.netadmin.app:interface Te0/1/1/2 cdp<br/>interface Te0/1/1/2 mtu 9216<br/>interface Te0/1/1/2 service-policy input NNI-I<br/>interface Te0/1/1/2 service-policy output NNI-E<br/>interface Te0/1/1/2 ipv4 address 172.16.20.125 255.255.255.252<br/>interface Te0/1/1/2 carrier-delay up 2000 down 0<br/>interface Te0/1/1/2 load-interval 30<br/>interface Te0/1/1/2 dampening 1 750 2000 4<br/>router ospf MPLS area 0 interface Te0/1/1/2<br/>router ospf MPLS area 0 interface Te0/1/1/2 bfd fast-detect<br/>router ospf MPLS area 0 interface Te0/1/1/2 network point-to-point<br/>router ospf MPLS area 0 interface Te0/1/1/2 passive disable<br/>rsvp interface Te0/1/1/2<br/>rsvp interface Te0/1/1/2 bandwidth percentage 95<br/>mpls traffic-eng interface Te0/1/1/2<br/>mpls traffic-eng interface Te0/1/1/2 bfd fast-detect<br/>mpls ldp interface Te0/1/1/2
2019-05-14 14:49:30,160:WARNING:web.netadmin.app:{'NEIGHBOR_INTERFACE': 'TenGigE0/1/1/6 ', 'INTERFACE_INDEX': 'Te0/1/1/2', 'IP_ADDRESS': '172.16.20.125', 'NEIGHBOR': 'RO-PCO-COR9K', 'AREA_ID': '0'}
2019-05-14 14:49:30,160:WARNING:web.netadmin.app:interface <h4>NO_DATA_FOR_FIELDLOCAL_INTERFACE_INDEX</h4>  description L3:MPLOSP D:B L1:F0 RO-PCO-COR9K TenGigE0/1/1/6 <br/>interface <h4>NO_DATA_FOR_FIELDLOCAL_INTERFACE_INDEX</h4>  cdp<br/>interface <h4>NO_DATA_FOR_FIELDLOCAL_INTERFACE_INDEX</h4>  mtu 9216<br/>interface <h4>NO_DATA_FOR_FIELDLOCAL_INTERFACE_INDEX</h4>  service-policy input NNI-I<br/>interface <h4>NO_DATA_FOR_FIELDLOCAL_INTERFACE_INDEX</h4>  service-policy output NNI-E<br/>interface <h4>NO_DATA_FOR_FIELDLOCAL_INTERFACE_INDEX</h4>  ipv4 address 172.16.20.125 255.255.255.252<br/>interface <h4>NO_DATA_FOR_FIELDLOCAL_INTERFACE_INDEX</h4>  carrier-delay up 2000 down 0<br/>interface <h4>NO_DATA_FOR_FIELDLOCAL_INTERFACE_INDEX</h4>  load-interval 30<br/>interface <h4>NO_DATA_FOR_FIELDLOCAL_INTERFACE_INDEX</h4>  dampening 1 750 2000 4<br/>router ospf MPLS area 0 interface <h4>NO_DATA_FOR_FIELDLOCAL_INTERFACE_INDEX</h4> <br/>router ospf MPLS area 0 interface <h4>NO_DATA_FOR_FIELDLOCAL_INTERFACE_INDEX</h4>  bfd fast-detect<br/>router ospf MPLS area 0 interface <h4>NO_DATA_FOR_FIELDLOCAL_INTERFACE_INDEX</h4>  network point-to-point<br/>router ospf MPLS area 0 interface <h4>NO_DATA_FOR_FIELDLOCAL_INTERFACE_INDEX</h4>  passive disable<br/>rsvp interface <h4>NO_DATA_FOR_FIELDLOCAL_INTERFACE_INDEX</h4> <br/>rsvp interface <h4>NO_DATA_FOR_FIELDLOCAL_INTERFACE_INDEX</h4>  bandwidth percentage 95<br/>mpls traffic-eng interface <h4>NO_DATA_FOR_FIELDLOCAL_INTERFACE_INDEX</h4> <br/>mpls traffic-eng interface <h4>NO_DATA_FOR_FIELDLOCAL_INTERFACE_INDEX</h4>  bfd fast-detect<br/>mpls ldp interface <h4>NO_DATA_FOR_FIELDLOCAL_INTERFACE_INDEX</h4> 
2019-05-14 14:50:06,232:WARNING:web.netadmin.app:{'LOCAL_INTERFACE_INDEX': 'TenGigE0/1/1/0', 'NEIGHBOR_INTERFACE': 'TenGigE0/1/1/6', 'IP_ADDRESS': '172.16.20.125', 'NEIGHBOR': 'RO-PCO-COR9K', 'AREA_ID': '0'}
2019-05-14 14:50:06,232:WARNING:web.netadmin.app:interface TenGigE0/1/1/0 description L3:MPLOSP D:B L1:F0 RO-PCO-COR9K TenGigE0/1/1/6<br/>interface TenGigE0/1/1/0 cdp<br/>interface TenGigE0/1/1/0 mtu 9216<br/>interface TenGigE0/1/1/0 service-policy input NNI-I<br/>interface TenGigE0/1/1/0 service-policy output NNI-E<br/>interface TenGigE0/1/1/0 ipv4 address 172.16.20.125 255.255.255.252<br/>interface TenGigE0/1/1/0 carrier-delay up 2000 down 0<br/>interface TenGigE0/1/1/0 load-interval 30<br/>interface TenGigE0/1/1/0 dampening 1 750 2000 4<br/>router ospf MPLS area 0 interface TenGigE0/1/1/0<br/>router ospf MPLS area 0 interface TenGigE0/1/1/0 bfd fast-detect<br/>router ospf MPLS area 0 interface TenGigE0/1/1/0 network point-to-point<br/>router ospf MPLS area 0 interface TenGigE0/1/1/0 passive disable<br/>rsvp interface TenGigE0/1/1/0<br/>rsvp interface TenGigE0/1/1/0 bandwidth percentage 95<br/>mpls traffic-eng interface TenGigE0/1/1/0<br/>mpls traffic-eng interface TenGigE0/1/1/0 bfd fast-detect<br/>mpls ldp interface TenGigE0/1/1/0
2019-05-14 14:51:37,799:WARNING:web.netadmin.app:{'LOCAL_INTERFACE_INDEX': 'TenGigE0/1/1/6', 'NEIGHBOR_INTERFACE': 'TenGigE0/1/1/0', 'IP_ADDRESS': '172.16.20.126', 'NEIGHBOR': 'RO-NAP-COR9K-2', 'AREA_ID': '0'}
2019-05-14 14:51:37,799:WARNING:web.netadmin.app:interface TenGigE0/1/1/6 description L3:MPLOSP D:B L1:F0 RO-NAP-COR9K-2 TenGigE0/1/1/0<br/>interface TenGigE0/1/1/6 cdp<br/>interface TenGigE0/1/1/6 mtu 9216<br/>interface TenGigE0/1/1/6 service-policy input NNI-I<br/>interface TenGigE0/1/1/6 service-policy output NNI-E<br/>interface TenGigE0/1/1/6 ipv4 address 172.16.20.126 255.255.255.252<br/>interface TenGigE0/1/1/6 carrier-delay up 2000 down 0<br/>interface TenGigE0/1/1/6 load-interval 30<br/>interface TenGigE0/1/1/6 dampening 1 750 2000 4<br/>router ospf MPLS area 0 interface TenGigE0/1/1/6<br/>router ospf MPLS area 0 interface TenGigE0/1/1/6 bfd fast-detect<br/>router ospf MPLS area 0 interface TenGigE0/1/1/6 network point-to-point<br/>router ospf MPLS area 0 interface TenGigE0/1/1/6 passive disable<br/>rsvp interface TenGigE0/1/1/6<br/>rsvp interface TenGigE0/1/1/6 bandwidth percentage 95<br/>mpls traffic-eng interface TenGigE0/1/1/6<br/>mpls traffic-eng interface TenGigE0/1/1/6 bfd fast-detect<br/>mpls ldp interface TenGigE0/1/1/6
2019-05-14 14:52:04,679:WARNING:web.netadmin.app:{'LOCAL_INTERFACE_INDEX': 'TenGigE0/1/1/6', 'NEIGHBOR_INTERFACE': 'Te0/1/1/2', 'IP_ADDRESS': '172.16.20.126', 'NEIGHBOR': 'RO-NAP-COR9K-2', 'AREA_ID': '0'}
2019-05-14 14:52:04,679:WARNING:web.netadmin.app:interface TenGigE0/1/1/6 description L3:MPLOSP D:B L1:F0 RO-NAP-COR9K-2 Te0/1/1/2<br/>interface TenGigE0/1/1/6 cdp<br/>interface TenGigE0/1/1/6 mtu 9216<br/>interface TenGigE0/1/1/6 service-policy input NNI-I<br/>interface TenGigE0/1/1/6 service-policy output NNI-E<br/>interface TenGigE0/1/1/6 ipv4 address 172.16.20.126 255.255.255.252<br/>interface TenGigE0/1/1/6 carrier-delay up 2000 down 0<br/>interface TenGigE0/1/1/6 load-interval 30<br/>interface TenGigE0/1/1/6 dampening 1 750 2000 4<br/>router ospf MPLS area 0 interface TenGigE0/1/1/6<br/>router ospf MPLS area 0 interface TenGigE0/1/1/6 bfd fast-detect<br/>router ospf MPLS area 0 interface TenGigE0/1/1/6 network point-to-point<br/>router ospf MPLS area 0 interface TenGigE0/1/1/6 passive disable<br/>rsvp interface TenGigE0/1/1/6<br/>rsvp interface TenGigE0/1/1/6 bandwidth percentage 95<br/>mpls traffic-eng interface TenGigE0/1/1/6<br/>mpls traffic-eng interface TenGigE0/1/1/6 bfd fast-detect<br/>mpls ldp interface TenGigE0/1/1/6
2019-06-04 07:23:02,300:WARNING:web.netadmin.app:InterfaceUfinet.FILTERS_GROUP[grupo_interfaces] {'OSPF_MPLS': {'l3p': 'MPLS', 'l3a': 'OSP'}}
2019-06-04 07:23:10,748:WARNING:web.netadmin.app:InterfaceUfinet.FILTERS_GROUP[grupo_interfaces] {'OSPF_MPLS': {'l3p': 'MPLS', 'l3a': 'OSP'}}
